current directory: /home/namdy/Desktop/Microverse Project/twitter-clone/_vendor/ruby/2.7.0/gems/puma-4.3.5/ext/puma_http11
/home/namdy/.rbenv/versions/2.7.0/bin/ruby -I /home/namdy/.rbenv/versions/2.7.0/lib/ruby/2.7.0 -r ./siteconf20200810-5484-1xnvnkc.rb extconf.rb
checking for BIO_read() in -lcrypto... yes
checking for SSL_CTX_new() in -lssl... yes
checking for openssl/bio.h... yes
checking for DTLS_method() in openssl/ssl.h... yes
checking for TLS_server_method() in openssl/ssl.h... yes
checking for SSL_CTX_set_min_proto_version in openssl/ssl.h... yes
creating Makefile

current directory: /home/namdy/Desktop/Microverse Project/twitter-clone/_vendor/ruby/2.7.0/gems/puma-4.3.5/ext/puma_http11
make "DESTDIR=" clean

current directory: /home/namdy/Desktop/Microverse Project/twitter-clone/_vendor/ruby/2.7.0/gems/puma-4.3.5/ext/puma_http11
make "DESTDIR="
compiling http11_parser.c
compiling io_buffer.c
compiling mini_ssl.c
mini_ssl.c: In function 'engine_init_server':
mini_ssl.c:145:7: warning: unused variable 'min' [-Wunused-variable]
   int min, ssl_options;
       ^
mini_ssl.c: In function 'raise_error':
mini_ssl.c:299:6: warning: function might be candidate for attribute 'noreturn' [-Wsuggest-attribute=noreturn]
 void raise_error(SSL* ssl, int result) {
      ^
mini_ssl.c: At top level:
cc1: warning: unrecognized command line option '-Wno-tautological-compare'
cc1: warning: unrecognized command line option '-Wno-self-assign'
cc1: warning: unrecognized command line option '-Wno-parentheses-equality'
cc1: warning: unrecognized command line option '-Wno-constant-logical-operand'
cc1: warning: unrecognized command line option '-Wno-cast-function-type'
compiling puma_http11.c
puma_http11.c: In function 'http_field':
puma_http11.c:203:22: warning: implicit declaration of function 'isspace' [-Wimplicit-function-declaration]
   while (vlen > 0 && isspace(value[vlen - 1])) vlen--;
                      ^
puma_http11.c: At top level:
cc1: warning: unrecognized command line option '-Wno-tautological-compare'
cc1: warning: unrecognized command line option '-Wno-self-assign'
cc1: warning: unrecognized command line option '-Wno-parentheses-equality'
cc1: warning: unrecognized command line option '-Wno-constant-logical-operand'
cc1: warning: unrecognized command line option '-Wno-cast-function-type'
linking shared-object puma/puma_http11.so

current directory: /home/namdy/Desktop/Microverse Project/twitter-clone/_vendor/ruby/2.7.0/gems/puma-4.3.5/ext/puma_http11
make "DESTDIR=" install
/usr/bin/install -c -m 0755 puma_http11.so ./.gem.20200810-5484-1iapgvb/puma
